<?xml version="1.0" encoding="UTF-8"?>
<!-- Generated by org.testng.reporters.JUnitXMLReporter -->
<testsuite hostname="NaviraFaisel" ignored="0" name="pageFactoryTest" tests="3" failures="0" timestamp="01 Jan 2019 13:43:53 GMT" time="18.485" errors="0">
  <testcase name="login" time="8.242" classname="pageFactoryPkg.pageFactoryClass"/>
  <testcase name="findBuyingPower" time="3.567" classname="pageFactoryPkg.pageFactoryClass"/>
  <testcase name="closeBrowser" time="0.739" classname="pageFactoryPkg.pageFactoryClass"/>
</testsuite> <!-- pageFactoryTest -->
